SonarCloud plugins:
  - IaC Code Quality and Security 1.16.0.3845 (iac)
  - PL/SQL Code Quality and Security 3.8.0.4948 (plsql)
  - Scala Code Quality and Security 1.12.0.4259 (sonarscala)
  - C# Code Quality and Security 8.56.0.67649 (csharp)
  - Vulnerability Analysis 10.0.0.20234 (security)
  - Java Code Quality and Security 7.18.0.31443 (java)
  - HTML Code Quality and Security 3.7.1.3306 (web)
  - Flex Code Quality and Security 2.8.0.3166 (flex)
  - XML Code Quality and Security 2.7.0.3820 (xml)
  - Text Code Quality and Security 2.0.2.1090 (text)
  - VB.NET Code Quality and Security 8.56.0.67649 (vbnet)
  - Swift Code Quality and Security 4.8.0.5759 (swift)
  - CFamily Code Quality and Security 6.44.0.61773 (cpp)
  - Python Code Quality and Security 4.2.0.11487 (python)
  - Dataflow Bug Detection Rules for Python 1.13.0.3408 (dbdpythonfrontend)
  - Dataflow Bug Detection 1.13.0.3408 (dbd)
  - Go Code Quality and Security 1.12.0.4259 (go)
  - JaCoCo 1.3.0.1538 (jacoco)
  - Kotlin Code Quality and Security 2.14.0.2352 (kotlin)
  - Dataflow Bug Detection Rules for Java 1.13.0.3408 (dbdjavafrontend)
  - T-SQL Code Quality and Security 1.8.0.5601 (tsql)
  - Apex Code Quality and Security 1.12.0.4259 (sonarapex)
  - JavaScript/TypeScript/CSS Code Quality and Security 10.1.0.21143 (javascript)
  - Ruby Code Quality and Security 1.12.0.4259 (ruby)
  - Vulnerability Rules for C# 10.0.0.20234 (securitycsharpfrontend)
  - Vulnerability Rules for Java 10.0.0.20234 (securityjavafrontend)
  - License for SonarLint 8.0.0.40165 (license)
  - Vulnerability Rules for JS 10.0.0.20234 (securityjsfrontend)
  - COBOL Code Quality 5.2.0.5949 (cobol)
  - Vulnerability Rules for Python 10.0.0.20234 (securitypythonfrontend)
  - PHP Code Quality and Security 3.28.0.9490 (php)
  - ABAP Code Quality and Security 3.11.0.4030 (abap)
  - Configuration detection fot Code Quality and Security 1.2.0.267 (config)
  - Vulnerability Rules for PHP 10.0.0.20234 (securityphpfrontend)
Global server settings:
  - delete_old_projects_deployment_date=1671634414000
  - delete_old_projects_excluded_project_kees=brave_brave-core,simgrid_simgrid,apache_struts,microsoft_vscode-python,mediawiki-core,jhipster-sample-application,JMeter,typo3,org.xwiki.platform:xwiki-platform,apache_ofbiz-framework,org.nuxeo:nuxeo-ecm,monica,sonarlint-visualstudio
  - email.from=noreply@sonarcloud.io
  - email.fromName=SonarCloud
  - email.prefix=[SonarCloud]
  - sonar.auth.bitbucket.enabled=true
  - sonar.auth.microsoft.enabled=true
  - sonar.core.id=1BD809FA-AWHW8ct9-T_TB3XqouNu
  - sonar.core.serverBaseURL=https://sonarcloud.io
  - sonar.core.startTime=2023-04-20T16:02:05+0200
  - sonar.dbcleaner.weeksBeforeDeletingAllSnapshots=260
  - sonar.dbcleaner.weeksBeforeKeepingOnlyOneSnapshotByMonth=4
  - sonar.dbcleaner.weeksBeforeKeepingOnlyOneSnapshotByWeek=1
  - sonar.global.exclusions=**/build-wrapper-dump.json
  - sonar.lf.enableGravatar=true
  - sonar.lf.logoWidthPx=105
  - sonar.maintenance_mode.link=https://sonarcloud.statuspage.io/incidents/66vlr4dc3jwy
  - sonar.maintenance_mode.message=Results of analyses performed prior to 6:15am CET may not be available yet and will be progressively provided throughout coming hours. Results of analysis performed after 8:00am CET are available.
  - sonar.maintenance_mode.start_date=2022-03-26T23:00:00.000+01:00
  - sonar.organizations.anyoneCanCreate=true
  - sonar.organizations.createPersonalOrg=true
  - sonar.plsql.file.suffixes=sql,tab,pkb
  - sonar.sensor.cache.baseUrl=https://ea6ne4j2sb.execute-api.eu-central-1.amazonaws.com/current
  - sonar.tsql.file.suffixes=.tsql
Project server settings:
Project scanner properties:
  - sonar.host.url=https://sonarcloud.io
  - sonar.login=******
  - sonar.modules=FD66BB95-16DF-4CBD-B581-5D1A365E2084
  - sonar.organization=eadca2
  - sonar.projectBaseDir=C:\Users\rhysm\Projects\EAD2\server\PasswordManager\PasswordManagerAPI\PasswordManagerAPI
  - sonar.projectKey=rhyskelvineadca2passwordmanager
  - sonar.projectName=PasswordManager
  - sonar.pullrequest.cache.basepath=C:\Users\rhysm\Projects\EAD2\server\PasswordManager\PasswordManagerAPI\PasswordManagerAPI
  - sonar.scanAllFiles=true
  - sonar.scanner.app=ScannerMSBuild
  - sonar.scanner.appVersion=5.13
  - sonar.sourceEncoding=windows-1252
  - sonar.visualstudio.enable=false
  - sonar.working.directory=C:\Users\rhysm\Projects\EAD2\server\PasswordManager\PasswordManagerAPI\.sonarqube\out\.sonar
Scanner properties of module: rhyskelvineadca2passwordmanager:rhyskelvineadca2passwordmanager:FD66BB95-16DF-4CBD-B581-5D1A365E2084
  - sonar.cs.analyzer.projectOutPaths="C:\Users\rhysm\Projects\EAD2\server\PasswordManager\PasswordManagerAPI\.sonarqube\out\0"
  - sonar.cs.roslyn.reportFilePaths="C:\Users\rhysm\Projects\EAD2\server\PasswordManager\PasswordManagerAPI\.sonarqube\out\0\Issues.json"
  - sonar.moduleKey=rhyskelvineadca2passwordmanager:rhyskelvineadca2passwordmanager:FD66BB95-16DF-4CBD-B581-5D1A365E2084
  - sonar.projectKey=rhyskelvineadca2passwordmanager:rhyskelvineadca2passwordmanager:FD66BB95-16DF-4CBD-B581-5D1A365E2084
  - sonar.projectName=PasswordManagerAPI
  - sonar.sourceEncoding=utf-8
  - sonar.sources="C:\Users\rhysm\Projects\EAD2\server\PasswordManager\PasswordManagerAPI\PasswordManagerAPI\Controllers\PasswordController.cs","C:\Users\rhysm\Projects\EAD2\server\PasswordManager\PasswordManagerAPI\PasswordManagerAPI\Controllers\PasswordManagerAPIController.cs","C:\Users\rhysm\Projects\EAD2\server\PasswordManager\PasswordManagerAPI\PasswordManagerAPI\Controllers\UsersController.cs","C:\Users\rhysm\Projects\EAD2\server\PasswordManager\PasswordManagerAPI\PasswordManagerAPI\Data\PasswordManagerContext.cs","C:\Users\rhysm\Projects\EAD2\server\PasswordManager\PasswordManagerAPI\PasswordManagerAPI\Migrations\20230412160149_InitialCreate.cs","C:\Users\rhysm\Projects\EAD2\server\PasswordManager\PasswordManagerAPI\PasswordManagerAPI\Migrations\20230412160149_InitialCreate.Designer.cs","C:\Users\rhysm\Projects\EAD2\server\PasswordManager\PasswordManagerAPI\PasswordManagerAPI\Migrations\20230414223328_PasswordCollectionInit.cs","C:\Users\rhysm\Projects\EAD2\server\PasswordManager\PasswordManag...
  - sonar.working.directory=C:\Users\rhysm\Projects\EAD2\server\PasswordManager\PasswordManagerAPI\.sonarqube\out\.sonar\mod0
